Student ID     Students Answers          Test Score      Grade
================================================================
ABC54391       TFFTFFTTTTFFTFTFTFTT      40              A
DEF89234       TFFTFFTTTTFFTFTFTFTF      39              A
GHI34562       TFFTFFTTTTFFTFTFTTTT      39              A
JKL78123       TFFTTFTTTTFFTFTFTFTT      39              A
MNO93457       TFFTFFTTTTFFTTTFTFTT      39              A
PQR62781       TFFTFFTTFTFFTFTFTFTT      39              A
STU71823       TFFTFFTTTTFF FTFTFTT      38              A
VWX19473       TFFTFTTTTTFFTFTFTTTF      37              A
YZA30587       TFFTTFTTTTFFTFTFFFTT      38              A
BCD41792       TFFTFFFFFFTFTFTFTFTT      35              B
EFG52801       TFFTTTTTTTTFTFTFTFTT      37              A
HIJ63945       TTFTFTFTTTFFTFTFTFTT      37              A
KLM74019       TTTFFTTTTTFFTFTFTFTT      36              A
NOP85167       TTTFTFTFTFTTFFTF TTF      27              D
QRS96234       T FFTFTTTTFT  TFTTF       27              D
TUV07358       FTFTFTTT TFT FTTFTF       26              D
WXY18462       FTF FTFT TFTTTTFFFT       27              D
ZAB29583       TFTTFTTTFTTTFTFTTFF       29              C
CDE30674        FTF TTT TFT TFTTF T      23              F
FGH41785       TTFT TFTTFTFTFFTTTF       27              D
IJK52896         FTTTTT TFTTTF TFTF      26              D
LMN63914       TFTFTFTTF  TFTFTTFT       25              D
OPQ72854       TTT FFTT FTTTTF TTT       24              D
RST83761       FTT TFTF TFT TFTTFT       23              F
UVW94628       TT  TFTFTFTTFTFTFFT       23              F
XYZ01539       FTFTFTFTTFTTFTF  TF       22              F
AAB12647       FTT FTTFT FTF TFFTTT      25              D
BCD23758       TFTFTTFTTTTTFTFTFTT       26              D
CDF34589       FTFTFTTFTFTFTFTTFTT       30              C
EFG45612       TTFFFTTTFTTTFTFTTFT       29              C
GHI56789       TFFFTTFTTT  TFTFTTF       29              C
JKL67834       FTFTFTTFTT  FTFFTTF       26              D
MNO78945       TFTFTTFTTTTTFTFTTFT       28              C
PQR89056       FTFTTFTTTTFTFTTFTTF       31              C
STU90167       TFFFTFTTTTFTTFTFTTF       34              B
VWX01278       TFTFTFTTTTFFTFTFTTF       34              B
YZA12389       TFFTFTT TTFFTTFTTTT       32              B
BCD23490       TFFTFTTTTTFFTT TTTT       33              B
EFG34501       TFFTTTTTTFFTFTFTFTT       29              C
HIJ45612       TFTTTFTTTFFTFTFFTTT       31              C
KLM56723       TFFTFTTTTFFFTFTFTTF       35              B
NOP67834       TFTFTTTTTFTFTTTFTTF       30              C
QRS78945       TFFFTFTTTTFFTFTFFTF       34              B
TUV90056       TFTTFTTTT FTTTFTFTT       29              C
WXY01167       TFTFTTTT  FTFTFTFTT       24              D
ZAC12278       TFFTTTTTTFTTTTTFTTT       32              B
DEF23389       T FTFTTTTFFTFTFTFT        26              D
GHI34490       TF TFFTTTTFTTFTF TT       33              B
JKL45501       TF TFFTTTTF TFT FTT       31              C
